2023-03-27 16:38:54 DEBUG   ::1             - This is an already logged session. _SESSION['dol_login']=admin _SESSION['dol_entity']=1
2023-03-27 16:38:54 DEBUG   ::1             sql=SELECT u.rowid, u.lastname, u.firstname, u.employee, u.gender, u.birth, u.email, u.personal_email, u.job, u.socialnetworks, u.signature, u.office_phone, u.office_fax, u.user_mobile, u.personal_mobile, u.address, u.zip, u.town, u.fk_state as state_id, u.fk_country as country_id, u.admin, u.login, u.note as note_private, u.note_public, u.pass, u.pass_crypted, u.pass_temp, u.api_key, u.fk_soc, u.fk_socpeople, u.fk_member, u.fk_user, u.ldap_sid, u.fk_user_expense_validator, u.fk_user_holiday_validator, u.statut, u.lang, u.entity, u.datec as datec, u.tms as datem, u.datelastlogin as datel, u.datepreviouslogin as datep, u.photo as photo, u.openid as openid, u.accountancy_code, u.thm, u.tjm, u.salary, u.salaryextra, u.weeklyhours, u.color, u.dateemployment, u.dateemploymentend, u.fk_warehouse, u.ref_ext, u.default_range, u.default_c_exp_tax_cat, c.code as country_code, c.label as country, d.code_departement as state_code, d.nom as state FROM llx_user as u LEFT JOIN llx_c_country as c ON u.fk_country = c.rowid LEFT JOIN llx_c_departements as d ON u.fk_state = d.rowid WHERE u.entity IN (0, 1) AND u.login = 'admin' ORDER BY u.entity ASC
2023-03-27 16:38:54 DEBUG   ::1             sql=SELECT rowid,name,label,type,size,elementtype,fieldunique,fieldrequired,param,pos,alwayseditable,perms,langs,list,printable,totalizable,fielddefault,fieldcomputed,entity,enabled,help FROM llx_extrafields WHERE elementtype = 'user' ORDER BY pos
2023-03-27 16:38:54 DEBUG   ::1             sql=SELECT param, value FROM llx_user_param WHERE fk_user = 1 AND entity = 1
2023-03-27 16:38:54 DEBUG   ::1             sql=SELECT rowid, entity, type, page, param, value FROM llx_default_values WHERE entity IN (1) AND user_id IN (0, 1)
2023-03-27 16:38:54 DEBUG   ::1             sql=SELECT DISTINCT r.module, r.perms, r.subperms FROM llx_user_rights as ur, llx_rights_def as r WHERE r.id = ur.fk_id AND ur.entity = 1 AND ur.fk_user= 1 AND r.perms IS NOT NULL
2023-03-27 16:38:54 DEBUG   ::1             sql=SELECT DISTINCT r.module, r.perms, r.subperms FROM llx_usergroup_rights as gr, llx_usergroup_user as gu, llx_rights_def as r WHERE r.id = gr.fk_id AND gr.entity = 1 AND gu.entity = 1 AND r.entity = 1 AND gr.fk_usergroup = gu.fk_usergroup AND gu.fk_user = 1 AND r.perms IS NOT NULL
2023-03-27 16:38:54 DEBUG   ::1             --- Access to /dolibarr-12.0.1/htdocs/admin/modules.php - action=, massaction=
2023-03-27 16:38:54 DEBUG   ::1             sql=SELECT transkey, transvalue FROM llx_overwrite_trans where lang='en_US' OR lang IS NULL AND entity IN (0, 1) ORDER BY lang DESC
2023-03-27 16:38:54 DEBUG   ::1             sql=SELECT m.rowid, m.type, m.module, m.fk_menu, m.fk_mainmenu, m.fk_leftmenu, m.url, m.titre, m.langs, m.perms, m.enabled, m.target, m.mainmenu, m.leftmenu, m.position FROM llx_menu as m WHERE m.entity IN (0,1) AND m.menu_handler IN ('eldy','all') AND m.usertype IN (0,2) ORDER BY m.position, m.rowid
2023-03-27 16:38:55 DEBUG   ::1             Scan directory C:/xampp/htdocs/dolibarr-12.0.1/htdocs/core/modules/ for module descriptor files (modXXX.class.php)
2023-03-27 16:38:55 DEBUG   ::1             sql=SELECT name, label, type, param, fieldcomputed, fielddefault FROM llx_extrafields WHERE elementtype = 'adherent' AND type != 'separate' AND entity IN (0, 1) ORDER BY pos ASC
2023-03-27 16:38:55 DEBUG   ::1             sql=SELECT name, label, fieldrequired FROM llx_extrafields WHERE elementtype = 'adherent' AND entity IN (0,1)
2023-03-27 16:38:55 DEBUG   ::1             sql=SELECT code, label, description FROM llx_c_action_trigger ORDER by rang
2023-03-27 16:38:55 DEBUG   ::1             Module modAsset not qualified
2023-03-27 16:38:55 DEBUG   ::1             sql=SELECT name, label, type, param, fieldcomputed, fielddefault FROM llx_extrafields WHERE elementtype = 'bom_bom' AND type != 'separate' AND entity IN (0, 1) ORDER BY pos ASC
2023-03-27 16:38:55 DEBUG   ::1             sql=SELECT name, label, type, param, fieldcomputed, fielddefault FROM llx_extrafields WHERE elementtype = 'bom_bomline' AND type != 'separate' AND entity IN (0, 1) ORDER BY pos ASC
2023-03-27 16:38:55 DEBUG   ::1             sql=SELECT name, label, type, param FROM llx_extrafields WHERE elementtype = 'societe' AND entity IN (0, 1)
2023-03-27 16:38:55 DEBUG   ::1             sql=SELECT name, label, type, param FROM llx_extrafields WHERE elementtype = 'socpeople' AND entity IN (0, 1)
2023-03-27 16:38:55 DEBUG   ::1             Module modCollab not qualified
2023-03-27 16:38:55 DEBUG   ::1             sql=SELECT name, label, type, param, fieldcomputed, fielddefault FROM llx_extrafields WHERE elementtype = 'commande' AND type != 'separate' AND entity IN (0, 1) ORDER BY pos ASC
2023-03-27 16:38:55 DEBUG   ::1             sql=SELECT name, label, type, param, fieldcomputed, fielddefault FROM llx_extrafields WHERE elementtype = 'commandedet' AND type != 'separate' AND entity IN (0, 1) ORDER BY pos ASC
2023-03-27 16:38:55 DEBUG   ::1             sql=SELECT name, label, type, param, fieldcomputed, fielddefault FROM llx_extrafields WHERE elementtype = 'product' AND type != 'separate' AND entity IN (0, 1) ORDER BY pos ASC
2023-03-27 16:38:55 DEBUG   ::1             sql=SELECT name, label, type, param, fieldcomputed, fielddefault FROM llx_extrafields WHERE elementtype = 'societe' AND type != 'separate' AND entity IN (0, 1) ORDER BY pos ASC
2023-03-27 16:38:55 DEBUG   ::1             sql=SELECT name, label, type, param, fieldcomputed, fielddefault FROM llx_extrafields WHERE elementtype = 'contrat' AND type != 'separate' AND entity IN (0, 1) ORDER BY pos ASC
2023-03-27 16:38:55 DEBUG   ::1             sql=SELECT name, label, type, param, fieldcomputed, fielddefault FROM llx_extrafields WHERE elementtype = 'contratdet' AND type != 'separate' AND entity IN (0, 1) ORDER BY pos ASC
2023-03-27 16:38:55 DEBUG   ::1             Module modDataPolicy not qualified
2023-03-27 16:38:55 DEBUG   ::1             User::loadParentOf
2023-03-27 16:38:55 DEBUG   ::1             sql=SELECT fk_user as id_parent, rowid as id_son FROM llx_user WHERE fk_user <> 0 AND entity IN (0,1)
2023-03-27 16:38:55 DEBUG   ::1             User::get_full_tree get user list
2023-03-27 16:38:55 DEBUG   ::1             sql=SELECT DISTINCT u.rowid, u.firstname, u.lastname, u.fk_user, u.fk_soc, u.login, u.email, u.gender, u.admin, u.statut, u.photo, u.entity FROM llx_user as u WHERE u.entity IN (0,1)
2023-03-27 16:38:55 DEBUG   ::1             User::get_full_tree call to build_path_from_id_user
2023-03-27 16:38:55 DEBUG   ::1             User::build_path_from_id_user id_user=1 protection=0
2023-03-27 16:38:55 DEBUG   ::1             User::get_full_tree dol_sort_array
2023-03-27 16:38:55 DEBUG   ::1             Build childid for id = 1
2023-03-27 16:38:55 DEBUG   ::1             Module modDeplacement not qualified
2023-03-27 16:38:55 DEBUG   ::1             Module modDocumentGeneration not qualified
2023-03-27 16:38:55 DEBUG   ::1             Module modDynamicPrices not qualified
2023-03-27 16:38:55 DEBUG   ::1             sql=SELECT DISTINCT tc.rowid, tc.code, tc.libelle, tc.position FROM llx_c_type_contact as tc WHERE tc.element='commande' AND tc.source='external' ORDER BY position ASC, code
2023-03-27 16:38:55 DEBUG   ::1             sql=SELECT DISTINCT tc.rowid, tc.code, tc.libelle, tc.position FROM llx_c_type_contact as tc WHERE tc.element='commande' AND tc.source='external' ORDER BY position ASC, code
2023-03-27 16:38:55 DEBUG   ::1             sql=SELECT name, label, type, param, fieldcomputed, fielddefault FROM llx_extrafields WHERE elementtype = 'expedition' AND type != 'separate' AND entity IN (0, 1) ORDER BY pos ASC
2023-03-27 16:38:55 DEBUG   ::1             sql=SELECT name, label, type, param, fieldcomputed, fielddefault FROM llx_extrafields WHERE elementtype = 'expeditiondet' AND type != 'separate' AND entity IN (0, 1) ORDER BY pos ASC
2023-03-27 16:38:55 DEBUG   ::1             sql=SELECT name, label, type, param, fieldcomputed, fielddefault FROM llx_extrafields WHERE elementtype = 'product' AND type != 'separate' AND entity IN (0, 1) ORDER BY pos ASC
2023-03-27 16:38:55 DEBUG   ::1             sql=SELECT name, label, type, param, fieldcomputed, fielddefault FROM llx_extrafields WHERE elementtype = 'expensereport' AND type != 'separate' AND entity IN (0, 1) ORDER BY pos ASC
2023-03-27 16:38:55 DEBUG   ::1             sql=SELECT name, label, type, param, fieldcomputed, fielddefault FROM llx_extrafields WHERE elementtype = 'facture' AND type != 'separate' AND entity IN (0, 1) ORDER BY pos ASC
2023-03-27 16:38:55 DEBUG   ::1             sql=SELECT name, label, type, param, fieldcomputed, fielddefault FROM llx_extrafields WHERE elementtype = 'facturedet' AND type != 'separate' AND entity IN (0, 1) ORDER BY pos ASC
2023-03-27 16:38:55 DEBUG   ::1             sql=SELECT name, label, type, param, fieldcomputed, fielddefault FROM llx_extrafields WHERE elementtype = 'product' AND type != 'separate' AND entity IN (0, 1) ORDER BY pos ASC
2023-03-27 16:38:55 DEBUG   ::1             sql=SELECT name, label, type, param, fieldcomputed, fielddefault FROM llx_extrafields WHERE elementtype = 'facture' AND type != 'separate' AND entity IN (0, 1) ORDER BY pos ASC
2023-03-27 16:38:55 DEBUG   ::1             sql=SELECT name, label, type, param, fieldcomputed, fielddefault FROM llx_extrafields WHERE elementtype = 'fichinter' AND type != 'separate' AND entity IN (0, 1) ORDER BY pos ASC
2023-03-27 16:38:55 DEBUG   ::1             sql=SELECT name, label, type, param, fieldcomputed, fielddefault FROM llx_extrafields WHERE elementtype = 'fichinterdet' AND type != 'separate' AND entity IN (0, 1) ORDER BY pos ASC
2023-03-27 16:38:55 DEBUG   ::1             sql=SELECT name, label, type, param FROM llx_extrafields WHERE elementtype = 'facture_fourn' AND entity IN (0, 1)
2023-03-27 16:38:55 DEBUG   ::1             sql=SELECT name, label, type, param FROM llx_extrafields WHERE elementtype = 'facture_fourn_det' AND entity IN (0, 1)
2023-03-27 16:38:55 DEBUG   ::1             sql=SELECT name, label, type, param FROM llx_extrafields WHERE elementtype = 'facture_fourn' AND entity IN (0, 1)
2023-03-27 16:38:55 DEBUG   ::1             sql=SELECT name, label, type, param FROM llx_extrafields WHERE elementtype = 'commande_fournisseur' AND entity IN (0, 1)
2023-03-27 16:38:55 DEBUG   ::1             sql=SELECT name, label, type, param FROM llx_extrafields WHERE elementtype = 'commande_fournisseurdet' AND entity IN (0, 1)
2023-03-27 16:38:55 DEBUG   ::1             sql=SELECT name, label, type, param, fieldcomputed, fielddefault FROM llx_extrafields WHERE elementtype = 'holiday' AND type != 'separate' AND entity IN (0, 1) ORDER BY pos ASC
2023-03-27 16:38:55 DEBUG   ::1             Module modHRM not qualified
2023-03-27 16:38:55 DEBUG   ::1             Module modLabel not qualified
2023-03-27 16:38:55 DEBUG   ::1             Module modPaymentByBankTransfer not qualified
2023-03-27 16:38:55 DEBUG   ::1             useNPR
2023-03-27 16:38:55 DEBUG   ::1             sql=SELECT t.rowid FROM llx_c_tva as t, llx_c_country as c WHERE t.fk_pays = c.rowid AND c.code = '' AND t.active = 1 AND t.recuperableonly = 1
2023-03-27 16:38:55 DEBUG   ::1             sql=SELECT name, label, type, param, fieldcomputed, fielddefault FROM llx_extrafields WHERE elementtype = 'product' AND type != 'separate' AND entity IN (0, 1) ORDER BY pos ASC
2023-03-27 16:38:55 DEBUG   ::1             useNPR
2023-03-27 16:38:55 DEBUG   ::1             sql=SELECT t.rowid FROM llx_c_tva as t, llx_c_country as c WHERE t.fk_pays = c.rowid AND c.code = '' AND t.active = 1 AND t.recuperableonly = 1
2023-03-27 16:38:55 DEBUG   ::1             sql=SELECT t.localtax1, t.localtax2 FROM llx_c_tva as t, llx_c_country as c WHERE t.fk_pays = c.rowid AND c.code = '' AND t.active = 1 AND t.localtax1_type <> '0'
2023-03-27 16:38:55 DEBUG   ::1             sql=SELECT t.localtax1, t.localtax2 FROM llx_c_tva as t, llx_c_country as c WHERE t.fk_pays = c.rowid AND c.code = '' AND t.active = 1 AND t.localtax2_type <> '0'
2023-03-27 16:38:55 DEBUG   ::1             sql=SELECT name, label, fieldrequired FROM llx_extrafields WHERE elementtype = 'product' AND entity IN (0, 1)
2023-03-27 16:38:55 DEBUG   ::1             useNPR
2023-03-27 16:38:55 DEBUG   ::1             sql=SELECT t.rowid FROM llx_c_tva as t, llx_c_country as c WHERE t.fk_pays = c.rowid AND c.code = '' AND t.active = 1 AND t.recuperableonly = 1
2023-03-27 16:38:56 DEBUG   ::1             sql=SELECT t.localtax1, t.localtax2 FROM llx_c_tva as t, llx_c_country as c WHERE t.fk_pays = c.rowid AND c.code = '' AND t.active = 1 AND t.localtax1_type <> '0'
2023-03-27 16:38:56 DEBUG   ::1             sql=SELECT t.localtax1, t.localtax2 FROM llx_c_tva as t, llx_c_country as c WHERE t.fk_pays = c.rowid AND c.code = '' AND t.active = 1 AND t.localtax2_type <> '0'
2023-03-27 16:38:56 DEBUG   ::1             sql=SELECT name, label, type, param, fieldcomputed, fielddefault FROM llx_extrafields WHERE elementtype = 'projet' AND type != 'separate' AND entity IN (0, 1) ORDER BY pos ASC
2023-03-27 16:38:56 DEBUG   ::1             sql=SELECT name, label, type, param, fieldcomputed, fielddefault FROM llx_extrafields WHERE elementtype = 'projet_task' AND type != 'separate' AND entity IN (0, 1) ORDER BY pos ASC
2023-03-27 16:38:56 DEBUG   ::1             sql=SELECT name, label, fieldrequired FROM llx_extrafields WHERE elementtype = 'projet_task' AND entity IN (0,1)
2023-03-27 16:38:56 DEBUG   ::1             sql=SELECT name, label, type, param, fieldcomputed, fielddefault FROM llx_extrafields WHERE elementtype = 'propal' AND type != 'separate' AND entity IN (0, 1) ORDER BY pos ASC
2023-03-27 16:38:56 DEBUG   ::1             sql=SELECT name, label, type, param, fieldcomputed, fielddefault FROM llx_extrafields WHERE elementtype = 'propaldet' AND type != 'separate' AND entity IN (0, 1) ORDER BY pos ASC
2023-03-27 16:38:56 DEBUG   ::1             sql=SELECT name, label, type, param, fieldcomputed, fielddefault FROM llx_extrafields WHERE elementtype = 'product' AND type != 'separate' AND entity IN (0, 1) ORDER BY pos ASC
2023-03-27 16:38:56 DEBUG   ::1             sql=SELECT name, label, type, param, fieldcomputed, fielddefault FROM llx_extrafields WHERE elementtype = 'societe' AND type != 'separate' AND entity IN (0, 1) ORDER BY pos ASC
2023-03-27 16:38:56 DEBUG   ::1             Module modReceiptPrinter not qualified
2023-03-27 16:38:56 DEBUG   ::1             sql=SELECT DISTINCT tc.rowid, tc.code, tc.libelle, tc.position FROM llx_c_type_contact as tc WHERE tc.element='order_supplier' AND tc.source='external' ORDER BY position ASC, code
2023-03-27 16:38:56 DEBUG   ::1             sql=SELECT DISTINCT tc.rowid, tc.code, tc.libelle, tc.position FROM llx_c_type_contact as tc WHERE tc.element='order_supplier' AND tc.source='external' ORDER BY position ASC, code
2023-03-27 16:38:56 DEBUG   ::1             sql=SELECT name, label, type, param, fieldcomputed, fielddefault FROM llx_extrafields WHERE elementtype = 'reception' AND type != 'separate' AND entity IN (0, 1) ORDER BY pos ASC
2023-03-27 16:38:56 DEBUG   ::1             sql=SELECT name, label, type, param, fieldcomputed, fielddefault FROM llx_extrafields WHERE elementtype = 'commande_fournisseur_dispatch' AND type != 'separate' AND entity IN (0, 1) ORDER BY pos ASC
2023-03-27 16:38:56 DEBUG   ::1             Module modReception not qualified
2023-03-27 16:38:56 DEBUG   ::1             sql=SELECT name, label, type, param, fieldcomputed, fielddefault FROM llx_extrafields WHERE elementtype = 'resource' AND type != 'separate' AND entity IN (0, 1) ORDER BY pos ASC
2023-03-27 16:38:56 DEBUG   ::1             sql=SELECT name, label, fieldrequired FROM llx_extrafields WHERE elementtype = 'resource' AND entity IN (0,1)
2023-03-27 16:38:56 DEBUG   ::1             useNPR
2023-03-27 16:38:56 DEBUG   ::1             sql=SELECT t.rowid FROM llx_c_tva as t, llx_c_country as c WHERE t.fk_pays = c.rowid AND c.code = '' AND t.active = 1 AND t.recuperableonly = 1
2023-03-27 16:38:56 DEBUG   ::1             sql=SELECT name, label, type, param, fieldcomputed, fielddefault FROM llx_extrafields WHERE elementtype = 'product' AND type != 'separate' AND entity IN (0, 1) ORDER BY pos ASC
2023-03-27 16:38:56 DEBUG   ::1             useNPR
2023-03-27 16:38:56 DEBUG   ::1             sql=SELECT t.rowid FROM llx_c_tva as t, llx_c_country as c WHERE t.fk_pays = c.rowid AND c.code = '' AND t.active = 1 AND t.recuperableonly = 1
2023-03-27 16:38:56 DEBUG   ::1             sql=SELECT t.localtax1, t.localtax2 FROM llx_c_tva as t, llx_c_country as c WHERE t.fk_pays = c.rowid AND c.code = '' AND t.active = 1 AND t.localtax1_type <> '0'
2023-03-27 16:38:56 DEBUG   ::1             sql=SELECT t.localtax1, t.localtax2 FROM llx_c_tva as t, llx_c_country as c WHERE t.fk_pays = c.rowid AND c.code = '' AND t.active = 1 AND t.localtax2_type <> '0'
2023-03-27 16:38:56 DEBUG   ::1             sql=SELECT name, label, fieldrequired FROM llx_extrafields WHERE elementtype = 'product' AND entity IN (0,1)
2023-03-27 16:38:56 DEBUG   ::1             useNPR
2023-03-27 16:38:56 DEBUG   ::1             sql=SELECT t.rowid FROM llx_c_tva as t, llx_c_country as c WHERE t.fk_pays = c.rowid AND c.code = '' AND t.active = 1 AND t.recuperableonly = 1
2023-03-27 16:38:56 DEBUG   ::1             sql=SELECT t.localtax1, t.localtax2 FROM llx_c_tva as t, llx_c_country as c WHERE t.fk_pays = c.rowid AND c.code = '' AND t.active = 1 AND t.localtax1_type <> '0'
2023-03-27 16:38:56 DEBUG   ::1             sql=SELECT t.localtax1, t.localtax2 FROM llx_c_tva as t, llx_c_country as c WHERE t.fk_pays = c.rowid AND c.code = '' AND t.active = 1 AND t.localtax2_type <> '0'
2023-03-27 16:38:56 DEBUG   ::1             sql=SELECT name, label, type, param, fieldcomputed, fielddefault FROM llx_extrafields WHERE elementtype = 'societe' AND type != 'separate' AND entity IN (0, 1) ORDER BY pos ASC
2023-03-27 16:38:56 DEBUG   ::1             sql=SELECT name, label, type, param, fieldcomputed, fielddefault FROM llx_extrafields WHERE elementtype = 'socpeople' AND type != 'separate' AND entity IN (0, 1) ORDER BY pos ASC
2023-03-27 16:38:56 DEBUG   ::1             sql=SELECT name, label, type, param, fieldcomputed, fielddefault FROM llx_extrafields WHERE elementtype = 'societe' AND type != 'separate' AND entity IN (0, 1) ORDER BY pos ASC
2023-03-27 16:38:56 DEBUG   ::1             sql=SELECT name, label, fieldrequired FROM llx_extrafields WHERE elementtype = 'societe' AND entity IN (0, 1)
2023-03-27 16:38:56 DEBUG   ::1             sql=SELECT name, label, fieldrequired FROM llx_extrafields WHERE elementtype = 'socpeople' AND entity IN (0, 1)
2023-03-27 16:38:56 DEBUG   ::1             sql=SELECT name, label, type, param, fieldcomputed, fielddefault FROM llx_extrafields WHERE elementtype = 'product' AND type != 'separate' AND entity IN (0, 1) ORDER BY pos ASC
2023-03-27 16:38:56 DEBUG   ::1             sql=SELECT name, label, fieldrequired FROM llx_extrafields WHERE elementtype = 'user' AND entity IN (0,1)
2023-03-27 16:38:56 DEBUG   ::1             Module modWebServicesClient not qualified
2023-03-27 16:38:56 DEBUG   ::1             Module modZapier not qualified
2023-03-27 16:38:57 DEBUG   ::1             --- End access to /dolibarr-12.0.1/htdocs/admin/modules.php
2023-03-27 16:38:59 DEBUG   ::1             - This is an already logged session. _SESSION['dol_login']=admin _SESSION['dol_entity']=1
2023-03-27 16:38:59 DEBUG   ::1             sql=SELECT u.rowid, u.lastname, u.firstname, u.employee, u.gender, u.birth, u.email, u.personal_email, u.job, u.socialnetworks, u.signature, u.office_phone, u.office_fax, u.user_mobile, u.personal_mobile, u.address, u.zip, u.town, u.fk_state as state_id, u.fk_country as country_id, u.admin, u.login, u.note as note_private, u.note_public, u.pass, u.pass_crypted, u.pass_temp, u.api_key, u.fk_soc, u.fk_socpeople, u.fk_member, u.fk_user, u.ldap_sid, u.fk_user_expense_validator, u.fk_user_holiday_validator, u.statut, u.lang, u.entity, u.datec as datec, u.tms as datem, u.datelastlogin as datel, u.datepreviouslogin as datep, u.photo as photo, u.openid as openid, u.accountancy_code, u.thm, u.tjm, u.salary, u.salaryextra, u.weeklyhours, u.color, u.dateemployment, u.dateemploymentend, u.fk_warehouse, u.ref_ext, u.default_range, u.default_c_exp_tax_cat, c.code as country_code, c.label as country, d.code_departement as state_code, d.nom as state FROM llx_user as u LEFT JOIN llx_c_country as c ON u.fk_country = c.rowid LEFT JOIN llx_c_departements as d ON u.fk_state = d.rowid WHERE u.entity IN (0, 1) AND u.login = 'admin' ORDER BY u.entity ASC
2023-03-27 16:38:59 DEBUG   ::1             sql=SELECT rowid,name,label,type,size,elementtype,fieldunique,fieldrequired,param,pos,alwayseditable,perms,langs,list,printable,totalizable,fielddefault,fieldcomputed,entity,enabled,help FROM llx_extrafields WHERE elementtype = 'user' ORDER BY pos
2023-03-27 16:38:59 DEBUG   ::1             sql=SELECT param, value FROM llx_user_param WHERE fk_user = 1 AND entity = 1
2023-03-27 16:38:59 DEBUG   ::1             sql=SELECT rowid, entity, type, page, param, value FROM llx_default_values WHERE entity IN (1) AND user_id IN (0, 1)
2023-03-27 16:38:59 DEBUG   ::1             sql=SELECT DISTINCT r.module, r.perms, r.subperms FROM llx_user_rights as ur, llx_rights_def as r WHERE r.id = ur.fk_id AND ur.entity = 1 AND ur.fk_user= 1 AND r.perms IS NOT NULL
2023-03-27 16:38:59 DEBUG   ::1             sql=SELECT DISTINCT r.module, r.perms, r.subperms FROM llx_usergroup_rights as gr, llx_usergroup_user as gu, llx_rights_def as r WHERE r.id = gr.fk_id AND gr.entity = 1 AND gu.entity = 1 AND r.entity = 1 AND gr.fk_usergroup = gu.fk_usergroup AND gu.fk_user = 1 AND r.perms IS NOT NULL
2023-03-27 16:38:59 DEBUG   ::1             --- Access to /dolibarr-12.0.1/htdocs/admin/modules.php - action=reset, massaction=
2023-03-27 16:38:59 DEBUG   ::1             sql=SELECT transkey, transvalue FROM llx_overwrite_trans where lang='en_US' OR lang IS NULL AND entity IN (0, 1) ORDER BY lang DESC
2023-03-27 16:38:59 DEBUG   ::1             sql=SELECT m.rowid, m.type, m.module, m.fk_menu, m.fk_mainmenu, m.fk_leftmenu, m.url, m.titre, m.langs, m.perms, m.enabled, m.target, m.mainmenu, m.leftmenu, m.position FROM llx_menu as m WHERE m.entity IN (0,1) AND m.menu_handler IN ('eldy','all') AND m.usertype IN (0,2) ORDER BY m.position, m.rowid
2023-03-27 16:38:59 DEBUG   ::1             BEGIN Transaction
2023-03-27 16:38:59 DEBUG   ::1              modSyslog::_unactive
2023-03-27 16:38:59 DEBUG   ::1              sql=DELETE FROM llx_const WHERE name = 'MAIN_MODULE_SYSLOG' AND entity IN (0, 0)
2023-03-27 16:38:59 DEBUG   ::1              modSyslog::delete_tabs
2023-03-27 16:38:59 DEBUG   ::1              sql=DELETE FROM llx_const WHERE name like 'MAIN_MODULE_SYSLOG_TABS_%' AND entity = 1
2023-03-27 16:38:59 DEBUG   ::1              modSyslog::delete_cronjobs
2023-03-27 16:38:59 DEBUG   ::1              sql=DELETE FROM llx_cronjob WHERE module_name = 'syslog' AND entity = 1 AND test = '1'
2023-03-27 16:38:59 DEBUG   ::1              modSyslog::delete_permissions
2023-03-27 16:38:59 DEBUG   ::1              sql=DELETE FROM llx_rights_def WHERE module = 'syslog' AND entity = 1
2023-03-27 16:38:59 DEBUG   ::1              modSyslog::delete_menus
2023-03-27 16:38:59 DEBUG   ::1              sql=DELETE FROM llx_menu WHERE module = 'syslog' AND entity = 1
2023-03-27 16:38:59 DEBUG   ::1              modSyslog::delete_dirs
2023-03-27 16:38:59 DEBUG   ::1              sql=DELETE FROM llx_const WHERE name LIKE 'MAIN_MODULE_SYSLOG_DIR_%' AND entity = 1
2023-03-27 16:38:59 DEBUG   ::1             COMMIT Transaction
2023-03-27 16:39:00 DEBUG   ::1             --- End access to /dolibarr-12.0.1/htdocs/admin/modules.php
2023-03-27 16:39:09 DEBUG   ::1             - This is an already logged session. _SESSION['dol_login']=admin _SESSION['dol_entity']=1
2023-03-27 16:39:09 DEBUG   ::1             sql=SELECT u.rowid, u.lastname, u.firstname, u.employee, u.gender, u.birth, u.email, u.personal_email, u.job, u.socialnetworks, u.signature, u.office_phone, u.office_fax, u.user_mobile, u.personal_mobile, u.address, u.zip, u.town, u.fk_state as state_id, u.fk_country as country_id, u.admin, u.login, u.note as note_private, u.note_public, u.pass, u.pass_crypted, u.pass_temp, u.api_key, u.fk_soc, u.fk_socpeople, u.fk_member, u.fk_user, u.ldap_sid, u.fk_user_expense_validator, u.fk_user_holiday_validator, u.statut, u.lang, u.entity, u.datec as datec, u.tms as datem, u.datelastlogin as datel, u.datepreviouslogin as datep, u.photo as photo, u.openid as openid, u.accountancy_code, u.thm, u.tjm, u.salary, u.salaryextra, u.weeklyhours, u.color, u.dateemployment, u.dateemploymentend, u.fk_warehouse, u.ref_ext, u.default_range, u.default_c_exp_tax_cat, c.code as country_code, c.label as country, d.code_departement as state_code, d.nom as state FROM llx_user as u LEFT JOIN llx_c_country as c ON u.fk_country = c.rowid LEFT JOIN llx_c_departements as d ON u.fk_state = d.rowid WHERE u.entity IN (0, 1) AND u.login = 'admin' ORDER BY u.entity ASC
2023-03-27 16:39:09 DEBUG   ::1             sql=SELECT rowid,name,label,type,size,elementtype,fieldunique,fieldrequired,param,pos,alwayseditable,perms,langs,list,printable,totalizable,fielddefault,fieldcomputed,entity,enabled,help FROM llx_extrafields WHERE elementtype = 'user' ORDER BY pos
2023-03-27 16:39:09 DEBUG   ::1             sql=SELECT param, value FROM llx_user_param WHERE fk_user = 1 AND entity = 1
2023-03-27 16:39:09 DEBUG   ::1             sql=SELECT rowid, entity, type, page, param, value FROM llx_default_values WHERE entity IN (1) AND user_id IN (0, 1)
2023-03-27 16:39:09 DEBUG   ::1             sql=SELECT DISTINCT r.module, r.perms, r.subperms FROM llx_user_rights as ur, llx_rights_def as r WHERE r.id = ur.fk_id AND ur.entity = 1 AND ur.fk_user= 1 AND r.perms IS NOT NULL
2023-03-27 16:39:09 DEBUG   ::1             sql=SELECT DISTINCT r.module, r.perms, r.subperms FROM llx_usergroup_rights as gr, llx_usergroup_user as gu, llx_rights_def as r WHERE r.id = gr.fk_id AND gr.entity = 1 AND gu.entity = 1 AND r.entity = 1 AND gr.fk_usergroup = gu.fk_usergroup AND gu.fk_user = 1 AND r.perms IS NOT NULL
2023-03-27 16:39:09 DEBUG   ::1             --- Access to /dolibarr-12.0.1/htdocs/admin/modules.php - action=, massaction=
2023-03-27 16:39:09 DEBUG   ::1             sql=SELECT transkey, transvalue FROM llx_overwrite_trans where lang='en_US' OR lang IS NULL AND entity IN (0, 1) ORDER BY lang DESC
2023-03-27 16:39:09 DEBUG   ::1             sql=SELECT m.rowid, m.type, m.module, m.fk_menu, m.fk_mainmenu, m.fk_leftmenu, m.url, m.titre, m.langs, m.perms, m.enabled, m.target, m.mainmenu, m.leftmenu, m.position FROM llx_menu as m WHERE m.entity IN (0,1) AND m.menu_handler IN ('eldy','all') AND m.usertype IN (0,2) ORDER BY m.position, m.rowid
2023-03-27 16:39:09 DEBUG   ::1             Scan directory C:/xampp/htdocs/dolibarr-12.0.1/htdocs/core/modules/ for module descriptor files (modXXX.class.php)
2023-03-27 16:39:10 DEBUG   ::1             sql=SELECT name, label, type, param, fieldcomputed, fielddefault FROM llx_extrafields WHERE elementtype = 'adherent' AND type != 'separate' AND entity IN (0, 1) ORDER BY pos ASC
2023-03-27 16:39:10 DEBUG   ::1             sql=SELECT name, label, fieldrequired FROM llx_extrafields WHERE elementtype = 'adherent' AND entity IN (0,1)
2023-03-27 16:39:10 DEBUG   ::1             sql=SELECT code, label, description FROM llx_c_action_trigger ORDER by rang
2023-03-27 16:39:10 DEBUG   ::1             Module modAsset not qualified
2023-03-27 16:39:10 DEBUG   ::1             sql=SELECT name, label, type, param, fieldcomputed, fielddefault FROM llx_extrafields WHERE elementtype = 'bom_bom' AND type != 'separate' AND entity IN (0, 1) ORDER BY pos ASC
2023-03-27 16:39:10 DEBUG   ::1             sql=SELECT name, label, type, param, fieldcomputed, fielddefault FROM llx_extrafields WHERE elementtype = 'bom_bomline' AND type != 'separate' AND entity IN (0, 1) ORDER BY pos ASC
2023-03-27 16:39:10 DEBUG   ::1             sql=SELECT name, label, type, param FROM llx_extrafields WHERE elementtype = 'societe' AND entity IN (0, 1)
2023-03-27 16:39:10 DEBUG   ::1             sql=SELECT name, label, type, param FROM llx_extrafields WHERE elementtype = 'socpeople' AND entity IN (0, 1)
2023-03-27 16:39:10 DEBUG   ::1             Module modCollab not qualified
2023-03-27 16:39:10 DEBUG   ::1             sql=SELECT name, label, type, param, fieldcomputed, fielddefault FROM llx_extrafields WHERE elementtype = 'commande' AND type != 'separate' AND entity IN (0, 1) ORDER BY pos ASC
2023-03-27 16:39:10 DEBUG   ::1             sql=SELECT name, label, type, param, fieldcomputed, fielddefault FROM llx_extrafields WHERE elementtype = 'commandedet' AND type != 'separate' AND entity IN (0, 1) ORDER BY pos ASC
2023-03-27 16:39:10 DEBUG   ::1             sql=SELECT name, label, type, param, fieldcomputed, fielddefault FROM llx_extrafields WHERE elementtype = 'product' AND type != 'separate' AND entity IN (0, 1) ORDER BY pos ASC
2023-03-27 16:39:10 DEBUG   ::1             sql=SELECT name, label, type, param, fieldcomputed, fielddefault FROM llx_extrafields WHERE elementtype = 'societe' AND type != 'separate' AND entity IN (0, 1) ORDER BY pos ASC
2023-03-27 16:39:10 DEBUG   ::1             sql=SELECT name, label, type, param, fieldcomputed, fielddefault FROM llx_extrafields WHERE elementtype = 'contrat' AND type != 'separate' AND entity IN (0, 1) ORDER BY pos ASC
2023-03-27 16:39:10 DEBUG   ::1             sql=SELECT name, label, type, param, fieldcomputed, fielddefault FROM llx_extrafields WHERE elementtype = 'contratdet' AND type != 'separate' AND entity IN (0, 1) ORDER BY pos ASC
2023-03-27 16:39:10 DEBUG   ::1             Module modDataPolicy not qualified
2023-03-27 16:39:10 DEBUG   ::1             User::loadParentOf
2023-03-27 16:39:10 DEBUG   ::1             sql=SELECT fk_user as id_parent, rowid as id_son FROM llx_user WHERE fk_user <> 0 AND entity IN (0,1)
2023-03-27 16:39:10 DEBUG   ::1             User::get_full_tree get user list
2023-03-27 16:39:10 DEBUG   ::1             sql=SELECT DISTINCT u.rowid, u.firstname, u.lastname, u.fk_user, u.fk_soc, u.login, u.email, u.gender, u.admin, u.statut, u.photo, u.entity FROM llx_user as u WHERE u.entity IN (0,1)
2023-03-27 16:39:10 DEBUG   ::1             User::get_full_tree call to build_path_from_id_user
2023-03-27 16:39:10 DEBUG   ::1             User::build_path_from_id_user id_user=1 protection=0
2023-03-27 16:39:10 DEBUG   ::1             User::get_full_tree dol_sort_array
2023-03-27 16:39:10 DEBUG   ::1             Build childid for id = 1
2023-03-27 16:39:10 DEBUG   ::1             Module modDeplacement not qualified
2023-03-27 16:39:10 DEBUG   ::1             Module modDocumentGeneration not qualified
2023-03-27 16:39:10 DEBUG   ::1             Module modDynamicPrices not qualified
2023-03-27 16:39:10 DEBUG   ::1             sql=SELECT DISTINCT tc.rowid, tc.code, tc.libelle, tc.position FROM llx_c_type_contact as tc WHERE tc.element='commande' AND tc.source='external' ORDER BY position ASC, code
2023-03-27 16:39:10 DEBUG   ::1             sql=SELECT DISTINCT tc.rowid, tc.code, tc.libelle, tc.position FROM llx_c_type_contact as tc WHERE tc.element='commande' AND tc.source='external' ORDER BY position ASC, code
2023-03-27 16:39:10 DEBUG   ::1             sql=SELECT name, label, type, param, fieldcomputed, fielddefault FROM llx_extrafields WHERE elementtype = 'expedition' AND type != 'separate' AND entity IN (0, 1) ORDER BY pos ASC
2023-03-27 16:39:10 DEBUG   ::1             sql=SELECT name, label, type, param, fieldcomputed, fielddefault FROM llx_extrafields WHERE elementtype = 'expeditiondet' AND type != 'separate' AND entity IN (0, 1) ORDER BY pos ASC
2023-03-27 16:39:10 DEBUG   ::1             sql=SELECT name, label, type, param, fieldcomputed, fielddefault FROM llx_extrafields WHERE elementtype = 'product' AND type != 'separate' AND entity IN (0, 1) ORDER BY pos ASC
2023-03-27 16:39:10 DEBUG   ::1             sql=SELECT name, label, type, param, fieldcomputed, fielddefault FROM llx_extrafields WHERE elementtype = 'expensereport' AND type != 'separate' AND entity IN (0, 1) ORDER BY pos ASC
2023-03-27 16:39:10 DEBUG   ::1             sql=SELECT name, label, type, param, fieldcomputed, fielddefault FROM llx_extrafields WHERE elementtype = 'facture' AND type != 'separate' AND entity IN (0, 1) ORDER BY pos ASC
2023-03-27 16:39:10 DEBUG   ::1             sql=SELECT name, label, type, param, fieldcomputed, fielddefault FROM llx_extrafields WHERE elementtype = 'facturedet' AND type != 'separate' AND entity IN (0, 1) ORDER BY pos ASC
2023-03-27 16:39:10 DEBUG   ::1             sql=SELECT name, label, type, param, fieldcomputed, fielddefault FROM llx_extrafields WHERE elementtype = 'product' AND type != 'separate' AND entity IN (0, 1) ORDER BY pos ASC
2023-03-27 16:39:10 DEBUG   ::1             sql=SELECT name, label, type, param, fieldcomputed, fielddefault FROM llx_extrafields WHERE elementtype = 'facture' AND type != 'separate' AND entity IN (0, 1) ORDER BY pos ASC
2023-03-27 16:39:10 DEBUG   ::1             sql=SELECT name, label, type, param, fieldcomputed, fielddefault FROM llx_extrafields WHERE elementtype = 'fichinter' AND type != 'separate' AND entity IN (0, 1) ORDER BY pos ASC
2023-03-27 16:39:10 DEBUG   ::1             sql=SELECT name, label, type, param, fieldcomputed, fielddefault FROM llx_extrafields WHERE elementtype = 'fichinterdet' AND type != 'separate' AND entity IN (0, 1) ORDER BY pos ASC
2023-03-27 16:39:10 DEBUG   ::1             sql=SELECT name, label, type, param FROM llx_extrafields WHERE elementtype = 'facture_fourn' AND entity IN (0, 1)
2023-03-27 16:39:10 DEBUG   ::1             sql=SELECT name, label, type, param FROM llx_extrafields WHERE elementtype = 'facture_fourn_det' AND entity IN (0, 1)
2023-03-27 16:39:10 DEBUG   ::1             sql=SELECT name, label, type, param FROM llx_extrafields WHERE elementtype = 'facture_fourn' AND entity IN (0, 1)
2023-03-27 16:39:10 DEBUG   ::1             sql=SELECT name, label, type, param FROM llx_extrafields WHERE elementtype = 'commande_fournisseur' AND entity IN (0, 1)
2023-03-27 16:39:10 DEBUG   ::1             sql=SELECT name, label, type, param FROM llx_extrafields WHERE elementtype = 'commande_fournisseurdet' AND entity IN (0, 1)
2023-03-27 16:39:10 DEBUG   ::1             sql=SELECT name, label, type, param, fieldcomputed, fielddefault FROM llx_extrafields WHERE elementtype = 'holiday' AND type != 'separate' AND entity IN (0, 1) ORDER BY pos ASC
2023-03-27 16:39:10 DEBUG   ::1             Module modHRM not qualified
2023-03-27 16:39:10 DEBUG   ::1             Module modLabel not qualified
2023-03-27 16:39:10 DEBUG   ::1             Module modPaymentByBankTransfer not qualified
2023-03-27 16:39:10 DEBUG   ::1             useNPR
2023-03-27 16:39:10 DEBUG   ::1             sql=SELECT t.rowid FROM llx_c_tva as t, llx_c_country as c WHERE t.fk_pays = c.rowid AND c.code = '' AND t.active = 1 AND t.recuperableonly = 1
2023-03-27 16:39:10 DEBUG   ::1             sql=SELECT name, label, type, param, fieldcomputed, fielddefault FROM llx_extrafields WHERE elementtype = 'product' AND type != 'separate' AND entity IN (0, 1) ORDER BY pos ASC
2023-03-27 16:39:10 DEBUG   ::1             useNPR
2023-03-27 16:39:10 DEBUG   ::1             sql=SELECT t.rowid FROM llx_c_tva as t, llx_c_country as c WHERE t.fk_pays = c.rowid AND c.code = '' AND t.active = 1 AND t.recuperableonly = 1
2023-03-27 16:39:10 DEBUG   ::1             sql=SELECT t.localtax1, t.localtax2 FROM llx_c_tva as t, llx_c_country as c WHERE t.fk_pays = c.rowid AND c.code = '' AND t.active = 1 AND t.localtax1_type <> '0'
2023-03-27 16:39:10 DEBUG   ::1             sql=SELECT t.localtax1, t.localtax2 FROM llx_c_tva as t, llx_c_country as c WHERE t.fk_pays = c.rowid AND c.code = '' AND t.active = 1 AND t.localtax2_type <> '0'
2023-03-27 16:39:10 DEBUG   ::1             sql=SELECT name, label, fieldrequired FROM llx_extrafields WHERE elementtype = 'product' AND entity IN (0, 1)
2023-03-27 16:39:10 DEBUG   ::1             useNPR
2023-03-27 16:39:10 DEBUG   ::1             sql=SELECT t.rowid FROM llx_c_tva as t, llx_c_country as c WHERE t.fk_pays = c.rowid AND c.code = '' AND t.active = 1 AND t.recuperableonly = 1
2023-03-27 16:39:10 DEBUG   ::1             sql=SELECT t.localtax1, t.localtax2 FROM llx_c_tva as t, llx_c_country as c WHERE t.fk_pays = c.rowid AND c.code = '' AND t.active = 1 AND t.localtax1_type <> '0'
2023-03-27 16:39:10 DEBUG   ::1             sql=SELECT t.localtax1, t.localtax2 FROM llx_c_tva as t, llx_c_country as c WHERE t.fk_pays = c.rowid AND c.code = '' AND t.active = 1 AND t.localtax2_type <> '0'
2023-03-27 16:39:10 DEBUG   ::1             sql=SELECT name, label, type, param, fieldcomputed, fielddefault FROM llx_extrafields WHERE elementtype = 'projet' AND type != 'separate' AND entity IN (0, 1) ORDER BY pos ASC
2023-03-27 16:39:10 DEBUG   ::1             sql=SELECT name, label, type, param, fieldcomputed, fielddefault FROM llx_extrafields WHERE elementtype = 'projet_task' AND type != 'separate' AND entity IN (0, 1) ORDER BY pos ASC
2023-03-27 16:39:10 DEBUG   ::1             sql=SELECT name, label, fieldrequired FROM llx_extrafields WHERE elementtype = 'projet_task' AND entity IN (0,1)
2023-03-27 16:39:10 DEBUG   ::1             sql=SELECT name, label, type, param, fieldcomputed, fielddefault FROM llx_extrafields WHERE elementtype = 'propal' AND type != 'separate' AND entity IN (0, 1) ORDER BY pos ASC
2023-03-27 16:39:10 DEBUG   ::1             sql=SELECT name, label, type, param, fieldcomputed, fielddefault FROM llx_extrafields WHERE elementtype = 'propaldet' AND type != 'separate' AND entity IN (0, 1) ORDER BY pos ASC
2023-03-27 16:39:10 DEBUG   ::1             sql=SELECT name, label, type, param, fieldcomputed, fielddefault FROM llx_extrafields WHERE elementtype = 'product' AND type != 'separate' AND entity IN (0, 1) ORDER BY pos ASC
2023-03-27 16:39:10 DEBUG   ::1             sql=SELECT name, label, type, param, fieldcomputed, fielddefault FROM llx_extrafields WHERE elementtype = 'societe' AND type != 'separate' AND entity IN (0, 1) ORDER BY pos ASC
2023-03-27 16:39:10 DEBUG   ::1             Module modReceiptPrinter not qualified
2023-03-27 16:39:11 DEBUG   ::1             sql=SELECT DISTINCT tc.rowid, tc.code, tc.libelle, tc.position FROM llx_c_type_contact as tc WHERE tc.element='order_supplier' AND tc.source='external' ORDER BY position ASC, code
2023-03-27 16:39:11 DEBUG   ::1             sql=SELECT DISTINCT tc.rowid, tc.code, tc.libelle, tc.position FROM llx_c_type_contact as tc WHERE tc.element='order_supplier' AND tc.source='external' ORDER BY position ASC, code
2023-03-27 16:39:11 DEBUG   ::1             sql=SELECT name, label, type, param, fieldcomputed, fielddefault FROM llx_extrafields WHERE elementtype = 'reception' AND type != 'separate' AND entity IN (0, 1) ORDER BY pos ASC
2023-03-27 16:39:11 DEBUG   ::1             sql=SELECT name, label, type, param, fieldcomputed, fielddefault FROM llx_extrafields WHERE elementtype = 'commande_fournisseur_dispatch' AND type != 'separate' AND entity IN (0, 1) ORDER BY pos ASC
2023-03-27 16:39:11 DEBUG   ::1             Module modReception not qualified
2023-03-27 16:39:11 DEBUG   ::1             sql=SELECT name, label, type, param, fieldcomputed, fielddefault FROM llx_extrafields WHERE elementtype = 'resource' AND type != 'separate' AND entity IN (0, 1) ORDER BY pos ASC
2023-03-27 16:39:11 DEBUG   ::1             sql=SELECT name, label, fieldrequired FROM llx_extrafields WHERE elementtype = 'resource' AND entity IN (0,1)
2023-03-27 16:39:11 DEBUG   ::1             useNPR
2023-03-27 16:39:11 DEBUG   ::1             sql=SELECT t.rowid FROM llx_c_tva as t, llx_c_country as c WHERE t.fk_pays = c.rowid AND c.code = '' AND t.active = 1 AND t.recuperableonly = 1
2023-03-27 16:39:11 DEBUG   ::1             sql=SELECT name, label, type, param, fieldcomputed, fielddefault FROM llx_extrafields WHERE elementtype = 'product' AND type != 'separate' AND entity IN (0, 1) ORDER BY pos ASC
2023-03-27 16:39:11 DEBUG   ::1             useNPR
2023-03-27 16:39:11 DEBUG   ::1             sql=SELECT t.rowid FROM llx_c_tva as t, llx_c_country as c WHERE t.fk_pays = c.rowid AND c.code = '' AND t.active = 1 AND t.recuperableonly = 1
2023-03-27 16:39:11 DEBUG   ::1             sql=SELECT t.localtax1, t.localtax2 FROM llx_c_tva as t, llx_c_country as c WHERE t.fk_pays = c.rowid AND c.code = '' AND t.active = 1 AND t.localtax1_type <> '0'
2023-03-27 16:39:11 DEBUG   ::1             sql=SELECT t.localtax1, t.localtax2 FROM llx_c_tva as t, llx_c_country as c WHERE t.fk_pays = c.rowid AND c.code = '' AND t.active = 1 AND t.localtax2_type <> '0'
2023-03-27 16:39:11 DEBUG   ::1             sql=SELECT name, label, fieldrequired FROM llx_extrafields WHERE elementtype = 'product' AND entity IN (0,1)
2023-03-27 16:39:11 DEBUG   ::1             useNPR
2023-03-27 16:39:11 DEBUG   ::1             sql=SELECT t.rowid FROM llx_c_tva as t, llx_c_country as c WHERE t.fk_pays = c.rowid AND c.code = '' AND t.active = 1 AND t.recuperableonly = 1
2023-03-27 16:39:11 DEBUG   ::1             sql=SELECT t.localtax1, t.localtax2 FROM llx_c_tva as t, llx_c_country as c WHERE t.fk_pays = c.rowid AND c.code = '' AND t.active = 1 AND t.localtax1_type <> '0'
2023-03-27 16:39:11 DEBUG   ::1             sql=SELECT t.localtax1, t.localtax2 FROM llx_c_tva as t, llx_c_country as c WHERE t.fk_pays = c.rowid AND c.code = '' AND t.active = 1 AND t.localtax2_type <> '0'
2023-03-27 16:39:11 DEBUG   ::1             sql=SELECT name, label, type, param, fieldcomputed, fielddefault FROM llx_extrafields WHERE elementtype = 'societe' AND type != 'separate' AND entity IN (0, 1) ORDER BY pos ASC
2023-03-27 16:39:11 DEBUG   ::1             sql=SELECT name, label, type, param, fieldcomputed, fielddefault FROM llx_extrafields WHERE elementtype = 'socpeople' AND type != 'separate' AND entity IN (0, 1) ORDER BY pos ASC
2023-03-27 16:39:11 DEBUG   ::1             sql=SELECT name, label, type, param, fieldcomputed, fielddefault FROM llx_extrafields WHERE elementtype = 'societe' AND type != 'separate' AND entity IN (0, 1) ORDER BY pos ASC
2023-03-27 16:39:11 DEBUG   ::1             sql=SELECT name, label, fieldrequired FROM llx_extrafields WHERE elementtype = 'societe' AND entity IN (0, 1)
2023-03-27 16:39:11 DEBUG   ::1             sql=SELECT name, label, fieldrequired FROM llx_extrafields WHERE elementtype = 'socpeople' AND entity IN (0, 1)
2023-03-27 16:39:11 DEBUG   ::1             sql=SELECT name, label, type, param, fieldcomputed, fielddefault FROM llx_extrafields WHERE elementtype = 'product' AND type != 'separate' AND entity IN (0, 1) ORDER BY pos ASC
2023-03-27 16:39:11 DEBUG   ::1             sql=SELECT name, label, fieldrequired FROM llx_extrafields WHERE elementtype = 'user' AND entity IN (0,1)
2023-03-27 16:39:11 DEBUG   ::1             Module modWebServicesClient not qualified
2023-03-27 16:39:11 DEBUG   ::1             Module modZapier not qualified
2023-03-27 16:39:11 DEBUG   ::1             --- End access to /dolibarr-12.0.1/htdocs/admin/modules.php
2023-03-27 16:39:20 DEBUG   ::1             - This is an already logged session. _SESSION['dol_login']=admin _SESSION['dol_entity']=1
2023-03-27 16:39:20 DEBUG   ::1             sql=SELECT u.rowid, u.lastname, u.firstname, u.employee, u.gender, u.birth, u.email, u.personal_email, u.job, u.socialnetworks, u.signature, u.office_phone, u.office_fax, u.user_mobile, u.personal_mobile, u.address, u.zip, u.town, u.fk_state as state_id, u.fk_country as country_id, u.admin, u.login, u.note as note_private, u.note_public, u.pass, u.pass_crypted, u.pass_temp, u.api_key, u.fk_soc, u.fk_socpeople, u.fk_member, u.fk_user, u.ldap_sid, u.fk_user_expense_validator, u.fk_user_holiday_validator, u.statut, u.lang, u.entity, u.datec as datec, u.tms as datem, u.datelastlogin as datel, u.datepreviouslogin as datep, u.photo as photo, u.openid as openid, u.accountancy_code, u.thm, u.tjm, u.salary, u.salaryextra, u.weeklyhours, u.color, u.dateemployment, u.dateemploymentend, u.fk_warehouse, u.ref_ext, u.default_range, u.default_c_exp_tax_cat, c.code as country_code, c.label as country, d.code_departement as state_code, d.nom as state FROM llx_user as u LEFT JOIN llx_c_country as c ON u.fk_country = c.rowid LEFT JOIN llx_c_departements as d ON u.fk_state = d.rowid WHERE u.entity IN (0, 1) AND u.login = 'admin' ORDER BY u.entity ASC
2023-03-27 16:39:20 DEBUG   ::1             sql=SELECT rowid,name,label,type,size,elementtype,fieldunique,fieldrequired,param,pos,alwayseditable,perms,langs,list,printable,totalizable,fielddefault,fieldcomputed,entity,enabled,help FROM llx_extrafields WHERE elementtype = 'user' ORDER BY pos
2023-03-27 16:39:20 DEBUG   ::1             sql=SELECT param, value FROM llx_user_param WHERE fk_user = 1 AND entity = 1
2023-03-27 16:39:20 DEBUG   ::1             sql=SELECT rowid, entity, type, page, param, value FROM llx_default_values WHERE entity IN (1) AND user_id IN (0, 1)
2023-03-27 16:39:20 DEBUG   ::1             sql=SELECT DISTINCT r.module, r.perms, r.subperms FROM llx_user_rights as ur, llx_rights_def as r WHERE r.id = ur.fk_id AND ur.entity = 1 AND ur.fk_user= 1 AND r.perms IS NOT NULL
2023-03-27 16:39:20 DEBUG   ::1             sql=SELECT DISTINCT r.module, r.perms, r.subperms FROM llx_usergroup_rights as gr, llx_usergroup_user as gu, llx_rights_def as r WHERE r.id = gr.fk_id AND gr.entity = 1 AND gu.entity = 1 AND r.entity = 1 AND gr.fk_usergroup = gu.fk_usergroup AND gu.fk_user = 1 AND r.perms IS NOT NULL
2023-03-27 16:39:20 DEBUG   ::1             --- Access to /dolibarr-12.0.1/htdocs/admin/modules.php - action=reset, massaction=
2023-03-27 16:39:20 DEBUG   ::1             sql=SELECT transkey, transvalue FROM llx_overwrite_trans where lang='en_US' OR lang IS NULL AND entity IN (0, 1) ORDER BY lang DESC
2023-03-27 16:39:20 DEBUG   ::1             sql=SELECT m.rowid, m.type, m.module, m.fk_menu, m.fk_mainmenu, m.fk_leftmenu, m.url, m.titre, m.langs, m.perms, m.enabled, m.target, m.mainmenu, m.leftmenu, m.position FROM llx_menu as m WHERE m.entity IN (0,1) AND m.menu_handler IN ('eldy','all') AND m.usertype IN (0,2) ORDER BY m.position, m.rowid
2023-03-27 16:39:20 DEBUG   ::1             BEGIN Transaction
2023-03-27 16:39:20 DEBUG   ::1              modSyslog::_unactive
2023-03-27 16:39:20 DEBUG   ::1              sql=DELETE FROM llx_const WHERE name = 'MAIN_MODULE_SYSLOG' AND entity IN (0, 0)
2023-03-27 16:39:20 DEBUG   ::1              modSyslog::delete_tabs
2023-03-27 16:39:20 DEBUG   ::1              sql=DELETE FROM llx_const WHERE name like 'MAIN_MODULE_SYSLOG_TABS_%' AND entity = 1
2023-03-27 16:39:20 DEBUG   ::1              modSyslog::delete_cronjobs
2023-03-27 16:39:20 DEBUG   ::1              sql=DELETE FROM llx_cronjob WHERE module_name = 'syslog' AND entity = 1 AND test = '1'
2023-03-27 16:39:20 DEBUG   ::1              modSyslog::delete_permissions
2023-03-27 16:39:20 DEBUG   ::1              sql=DELETE FROM llx_rights_def WHERE module = 'syslog' AND entity = 1
2023-03-27 16:39:20 DEBUG   ::1              modSyslog::delete_menus
2023-03-27 16:39:20 DEBUG   ::1              sql=DELETE FROM llx_menu WHERE module = 'syslog' AND entity = 1
2023-03-27 16:39:20 DEBUG   ::1              modSyslog::delete_dirs
2023-03-27 16:39:20 DEBUG   ::1              sql=DELETE FROM llx_const WHERE name LIKE 'MAIN_MODULE_SYSLOG_DIR_%' AND entity = 1
2023-03-27 16:39:20 DEBUG   ::1             COMMIT Transaction
2023-03-27 16:39:20 DEBUG   ::1             --- End access to /dolibarr-12.0.1/htdocs/admin/modules.php
